Flow report for battleship1
Wed Oct  3 09:46:34 2018
Quartus Prime Version 15.1.0 Build 185 10/21/2015 SJ Standard Edition


---------------------
; Table of Contents ;
---------------------
  1. Legal Notice
  2. Flow Summary
  3. Flow Settings
  4. Flow Non-Default Global Settings
  5. Flow Elapsed Time
  6. Flow OS Summary
  7. Flow Log
  8. Flow Messages
  9. Flow Suppressed Messages



----------------
; Legal Notice ;
----------------
Copyright (C) 1991-2015 Altera Corporation. All rights reserved.
Your use of Altera Corporation's design tools, logic functions 
and other software and tools, and its AMPP partner logic 
functions, and any output files from any of the foregoing 
(including device programming or simulation files), and any 
associated documentation or information are expressly subject 
to the terms and conditions of the Altera Program License 
Subscription Agreement, the Altera Quartus Prime License Agreement,
the Altera MegaCore Function License Agreement, or other 
applicable license agreement, including, without limitation, 
that your use is for the sole purpose of programming logic 
devices manufactured by Altera and sold by Altera or its 
authorized distributors.  Please refer to the applicable 
agreement for further details.



+-----------------------------------------------------------------------------------+
; Flow Summary                                                                      ;
+---------------------------------+-------------------------------------------------+
; Flow Status                     ; Successful - Wed Oct  3 09:46:34 2018           ;
; Quartus Prime Version           ; 15.1.0 Build 185 10/21/2015 SJ Standard Edition ;
; Revision Name                   ; battleship1                                     ;
; Top-level Entity Name           ; topo                                            ;
; Family                          ; Cyclone V                                       ;
; Device                          ; 5CSEMA5F31C6                                    ;
; Timing Models                   ; Final                                           ;
; Logic utilization (in ALMs)     ; 156 / 32,070 ( < 1 % )                          ;
; Total registers                 ; 192                                             ;
; Total pins                      ; 67 / 457 ( 15 % )                               ;
; Total virtual pins              ; 0                                               ;
; Total block memory bits         ; 0 / 4,065,280 ( 0 % )                           ;
; Total DSP Blocks                ; 0 / 87 ( 0 % )                                  ;
; Total HSSI RX PCSs              ; 0                                               ;
; Total HSSI PMA RX Deserializers ; 0                                               ;
; Total HSSI TX PCSs              ; 0                                               ;
; Total HSSI PMA TX Serializers   ; 0                                               ;
; Total PLLs                      ; 0 / 6 ( 0 % )                                   ;
; Total DLLs                      ; 0 / 4 ( 0 % )                                   ;
+---------------------------------+-------------------------------------------------+


+-----------------------------------------+
; Flow Settings                           ;
+-------------------+---------------------+
; Option            ; Setting             ;
+-------------------+---------------------+
; Start date & time ; 10/03/2018 09:43:11 ;
; Main task         ; Compilation         ;
; Revision Name     ; battleship1         ;
+-------------------+---------------------+


+-------------------------------------------------------------------------------------------------------------+
; Flow Non-Default Global Settings                                                                            ;
+-------------------------------------+------------------------+---------------+-------------+----------------+
; Assignment Name                     ; Value                  ; Default Value ; Entity Name ; Section Id     ;
+-------------------------------------+------------------------+---------------+-------------+----------------+
; COMPILER_SIGNATURE_ID               ; 0.153857059103005      ; --            ; --          ; --             ;
; EDA_OUTPUT_DATA_FORMAT              ; Vhdl                   ; --            ; --          ; eda_simulation ;
; EDA_SIMULATION_TOOL                 ; ModelSim-Altera (VHDL) ; <None>        ; --          ; --             ;
; MAX_CORE_JUNCTION_TEMP              ; 85                     ; --            ; --          ; --             ;
; MIN_CORE_JUNCTION_TEMP              ; 0                      ; --            ; --          ; --             ;
; PARTITION_COLOR                     ; 16764057               ; --            ; ghrd_top    ; Top            ;
; PARTITION_COLOR                     ; 16764057               ; --            ; topo        ; Top            ;
; PARTITION_FITTER_PRESERVATION_LEVEL ; PLACEMENT_AND_ROUTING  ; --            ; ghrd_top    ; Top            ;
; PARTITION_FITTER_PRESERVATION_LEVEL ; PLACEMENT_AND_ROUTING  ; --            ; topo        ; Top            ;
; PARTITION_NETLIST_TYPE              ; SOURCE                 ; --            ; ghrd_top    ; Top            ;
; PARTITION_NETLIST_TYPE              ; SOURCE                 ; --            ; topo        ; Top            ;
; PROJECT_OUTPUT_DIRECTORY            ; output_files           ; --            ; --          ; --             ;
; TOP_LEVEL_ENTITY                    ; topo                   ; battleship1   ; --          ; --             ;
+-------------------------------------+------------------------+---------------+-------------+----------------+


+-------------------------------------------------------------------------------------------------------------------------------+
; Flow Elapsed Time                                                                                                             ;
+---------------------------+--------------+-------------------------+---------------------+------------------------------------+
; Module Name               ; Elapsed Time ; Average Processors Used ; Peak Virtual Memory ; Total CPU Time (on all processors) ;
+---------------------------+--------------+-------------------------+---------------------+------------------------------------+
; Analysis & Synthesis      ; 00:00:20     ; 1.0                     ; 1348 MB             ; 00:00:29                           ;
; Fitter                    ; 00:01:45     ; 1.0                     ; 2379 MB             ; 00:01:36                           ;
; Assembler                 ; 00:00:17     ; 1.0                     ; 1260 MB             ; 00:00:13                           ;
; TimeQuest Timing Analyzer ; 00:00:13     ; 1.0                     ; 1520 MB             ; 00:00:11                           ;
; EDA Netlist Writer        ; 00:00:02     ; 1.0                     ; 1460 MB             ; 00:00:02                           ;
; Total                     ; 00:02:37     ; --                      ; --                  ; 00:02:31                           ;
+---------------------------+--------------+-------------------------+---------------------+------------------------------------+


+---------------------------------------------------------------------------------------------+
; Flow OS Summary                                                                             ;
+---------------------------+------------------+--------------+--------------+----------------+
; Module Name               ; Machine Hostname ; OS Name      ; OS Version   ; Processor type ;
+---------------------------+------------------+--------------+--------------+----------------+
; Analysis & Synthesis      ; labsdm04         ; CentOS Linux ; CentOS Linux ; x86_64         ;
; Fitter                    ; labsdm04         ; CentOS Linux ; CentOS Linux ; x86_64         ;
; Assembler                 ; labsdm04         ; CentOS Linux ; CentOS Linux ; x86_64         ;
; TimeQuest Timing Analyzer ; labsdm04         ; CentOS Linux ; CentOS Linux ; x86_64         ;
; EDA Netlist Writer        ; labsdm04         ; CentOS Linux ; CentOS Linux ; x86_64         ;
+---------------------------+------------------+--------------+--------------+----------------+


------------
; Flow Log ;
------------
quartus_map --read_settings_files=on --write_settings_files=off battleship1 -c battleship1
quartus_fit --read_settings_files=off --write_settings_files=off battleship1 -c battleship1
quartus_asm --read_settings_files=off --write_settings_files=off battleship1 -c battleship1
quartus_sta battleship1 -c battleship1
quartus_eda --read_settings_files=off --write_settings_files=off battleship1 -c battleship1



